[2022-05-11 01:06:01.982] [exthost] [info] Extension host with pid 34586 started
[2022-05-11 01:06:02.149] [exthost] [info] ExtensionService#_doActivateExtension vscode.debug-auto-launch, startup: true, activationEvent: '*'
[2022-05-11 01:06:02.155] [exthost] [info] ExtensionService#_doActivateExtension vscode.git-base, startup: true, activationEvent: '*', root cause: vscode.github
[2022-05-11 01:06:02.159] [exthost] [info] ExtensionService#_doActivateExtension vscode.ipynb, startup: true, activationEvent: '*'
[2022-05-11 01:06:02.174] [exthost] [info] ExtensionService#_doActivateExtension GitHub.vscode-pull-request-github, startup: true, activationEvent: '*'
[2022-05-11 01:06:02.472] [exthost] [info] ExtensionService#_doActivateExtension vscode.github-authentication, startup: false, activationEvent: 'onAuthenticationRequest:github'
[2022-05-11 01:06:02.556] [exthost] [info] ExtensionService#_doActivateExtension vscode.git, startup: false, activationEvent: 'api', root cause: GitHub.vscode-pull-request-github
[2022-05-11 01:06:02.713] [exthost] [info] ExtensionService#_doActivateExtension vscode.github, startup: true, activationEvent: '*'
[2022-05-11 01:06:02.731] [exthost] [info] Eager extensions activated
[2022-05-11 01:06:02.733] [exthost] [info] ExtensionService#_doActivateExtension vscode.emmet, startup: false, activationEvent: 'onStartupFinished'
[2022-05-11 01:06:02.748] [exthost] [info] ExtensionService#_doActivateExtension vscode.merge-conflict, startup: false, activationEvent: 'onStartupFinished'
[2022-05-11 01:06:21.909] [exthost] [info] extension host terminating: renderer closed the socket
[2022-05-11 01:06:21.922] [exthost] [info] Extension host with pid 34586 exiting with code 0
[2022-05-11 01:06:24.005] [exthost] [info] Extension host with pid 34819 started
[2022-05-11 01:06:24.005] [exthost] [info] Skipping acquiring lock for /home/mww/ReachNFTeaAuction/~/.vscode-root/User/workspaceStorage/25da4aef87ca293661541e4025be3de5.
[2022-05-11 01:06:24.066] [exthost] [info] ExtensionService#_doActivateExtension vscode.debug-auto-launch, startup: true, activationEvent: '*'
[2022-05-11 01:06:24.071] [exthost] [info] ExtensionService#_doActivateExtension vscode.git-base, startup: true, activationEvent: '*', root cause: vscode.github
[2022-05-11 01:06:24.074] [exthost] [info] ExtensionService#_doActivateExtension vscode.ipynb, startup: true, activationEvent: '*'
[2022-05-11 01:06:24.076] [exthost] [info] ExtensionService#_doActivateExtension GitHub.vscode-pull-request-github, startup: true, activationEvent: '*'
[2022-05-11 01:06:24.096] [exthost] [info] ExtensionService#_doActivateExtension vscode.npm, startup: true, activationEvent: 'workspaceContains:package.json'
[2022-05-11 01:06:24.186] [exthost] [info] ExtensionService#_doActivateExtension vscode.github-authentication, startup: false, activationEvent: 'onAuthenticationRequest:github'
[2022-05-11 01:06:24.274] [exthost] [info] ExtensionService#_doActivateExtension vscode.github, startup: true, activationEvent: '*'
[2022-05-11 01:06:24.288] [exthost] [info] Eager extensions activated
[2022-05-11 01:06:24.292] [exthost] [info] ExtensionService#_doActivateExtension vscode.emmet, startup: false, activationEvent: 'onStartupFinished'
[2022-05-11 01:06:24.297] [exthost] [info] ExtensionService#_doActivateExtension vscode.merge-conflict, startup: false, activationEvent: 'onStartupFinished'
[2022-05-11 01:06:26.082] [exthost] [info] ExtensionService#_doActivateExtension vscode.git, startup: false, activationEvent: 'api', root cause: GitHub.vscode-pull-request-github
[2022-05-11 01:06:26.230] [exthost] [warning] [Decorations] CAPPING events from decorations provider vscode.git 313
[2022-05-11 01:06:28.843] [exthost] [warning] [Decorations] CAPPING events from decorations provider vscode.git 313
[2022-05-11 01:06:33.901] [exthost] [warning] [Decorations] CAPPING events from decorations provider vscode.git 311
[2022-05-11 01:06:38.951] [exthost] [warning] [Decorations] CAPPING events from decorations provider vscode.git 312
[2022-05-11 01:06:44.010] [exthost] [warning] [Decorations] CAPPING events from decorations provider vscode.git 312
[2022-05-11 01:06:49.065] [exthost] [warning] [Decorations] CAPPING events from decorations provider vscode.git 312
[2022-05-11 01:06:54.129] [exthost] [warning] [Decorations] CAPPING events from decorations provider vscode.git 312
[2022-05-11 01:07:16.803] [exthost] [warning] [Decorations] CAPPING events from decorations provider vscode.git 312
[2022-05-11 01:07:21.870] [exthost] [warning] [Decorations] CAPPING events from decorations provider vscode.git 312
[2022-05-11 01:07:26.917] [exthost] [warning] [Decorations] CAPPING events from decorations provider vscode.git 312
[2022-05-11 01:07:31.974] [exthost] [warning] [Decorations] CAPPING events from decorations provider vscode.git 312
[2022-05-11 01:07:44.936] [exthost] [warning] [Decorations] CAPPING events from decorations provider vscode.git 312
[2022-05-11 01:07:49.978] [exthost] [warning] [Decorations] CAPPING events from decorations provider vscode.git 312
[2022-05-11 01:07:55.026] [exthost] [warning] [Decorations] CAPPING events from decorations provider vscode.git 312
[2022-05-11 01:08:00.088] [exthost] [warning] [Decorations] CAPPING events from decorations provider vscode.git 312
[2022-05-11 01:08:05.143] [exthost] [warning] [Decorations] CAPPING events from decorations provider vscode.git 312
[2022-05-11 01:08:10.201] [exthost] [warning] [Decorations] CAPPING events from decorations provider vscode.git 312
[2022-05-11 01:08:15.264] [exthost] [warning] [Decorations] CAPPING events from decorations provider vscode.git 312
[2022-05-11 01:08:20.311] [exthost] [warning] [Decorations] CAPPING events from decorations provider vscode.git 312
[2022-05-11 01:08:25.380] [exthost] [warning] [Decorations] CAPPING events from decorations provider vscode.git 312
[2022-05-11 01:08:30.447] [exthost] [warning] [Decorations] CAPPING events from decorations provider vscode.git 312
[2022-05-11 01:08:35.505] [exthost] [warning] [Decorations] CAPPING events from decorations provider vscode.git 312
[2022-05-11 01:08:41.332] [exthost] [warning] [Decorations] CAPPING events from decorations provider vscode.git 312
[2022-05-11 01:08:46.387] [exthost] [warning] [Decorations] CAPPING events from decorations provider vscode.git 312
[2022-05-11 01:10:12.234] [exthost] [warning] [Decorations] CAPPING events from decorations provider vscode.git 312
[2022-05-11 01:10:17.287] [exthost] [warning] [Decorations] CAPPING events from decorations provider vscode.git 312
[2022-05-11 01:10:22.346] [exthost] [warning] [Decorations] CAPPING events from decorations provider vscode.git 312
[2022-05-11 01:10:27.394] [exthost] [warning] [Decorations] CAPPING events from decorations provider vscode.git 312
[2022-05-11 01:10:32.441] [exthost] [warning] [Decorations] CAPPING events from decorations provider vscode.git 312
[2022-05-11 01:10:37.496] [exthost] [warning] [Decorations] CAPPING events from decorations provider vscode.git 312
[2022-05-11 01:10:42.545] [exthost] [warning] [Decorations] CAPPING events from decorations provider vscode.git 312
[2022-05-11 01:10:47.603] [exthost] [warning] [Decorations] CAPPING events from decorations provider vscode.git 312
[2022-05-11 01:10:52.657] [exthost] [warning] [Decorations] CAPPING events from decorations provider vscode.git 312
[2022-05-11 01:10:57.711] [exthost] [warning] [Decorations] CAPPING events from decorations provider vscode.git 312
[2022-05-11 01:11:02.774] [exthost] [warning] [Decorations] CAPPING events from decorations provider vscode.git 312
[2022-05-11 01:11:07.838] [exthost] [warning] [Decorations] CAPPING events from decorations provider vscode.git 312
[2022-05-11 01:11:12.903] [exthost] [warning] [Decorations] CAPPING events from decorations provider vscode.git 312
[2022-05-11 01:11:50.290] [exthost] [warning] [Decorations] CAPPING events from decorations provider vscode.git 312
[2022-05-11 01:11:55.349] [exthost] [warning] [Decorations] CAPPING events from decorations provider vscode.git 312
[2022-05-11 01:12:01.426] [exthost] [warning] [Decorations] CAPPING events from decorations provider vscode.git 312
[2022-05-11 01:12:07.643] [exthost] [warning] [Decorations] CAPPING events from decorations provider vscode.git 312
[2022-05-11 01:14:00.088] [exthost] [warning] [Decorations] CAPPING events from decorations provider vscode.git 312
[2022-05-11 01:14:05.135] [exthost] [warning] [Decorations] CAPPING events from decorations provider vscode.git 312
[2022-05-11 01:14:10.193] [exthost] [warning] [Decorations] CAPPING events from decorations provider vscode.git 315
[2022-05-11 01:14:15.247] [exthost] [warning] [Decorations] CAPPING events from decorations provider vscode.git 315
[2022-05-11 01:14:20.303] [exthost] [warning] [Decorations] CAPPING events from decorations provider vscode.git 320
[2022-05-11 01:14:25.361] [exthost] [warning] [Decorations] CAPPING events from decorations provider vscode.git 321
[2022-05-11 01:14:30.417] [exthost] [warning] [Decorations] CAPPING events from decorations provider vscode.git 321
[2022-05-11 01:14:35.475] [exthost] [warning] [Decorations] CAPPING events from decorations provider vscode.git 321
[2022-05-11 01:14:40.540] [exthost] [warning] [Decorations] CAPPING events from decorations provider vscode.git 321
[2022-05-11 01:14:45.582] [exthost] [warning] [Decorations] CAPPING events from decorations provider vscode.git 321
[2022-05-11 01:14:50.640] [exthost] [warning] [Decorations] CAPPING events from decorations provider vscode.git 321
[2022-05-11 01:14:55.707] [exthost] [warning] [Decorations] CAPPING events from decorations provider vscode.git 321
[2022-05-11 01:15:00.768] [exthost] [warning] [Decorations] CAPPING events from decorations provider vscode.git 321
[2022-05-11 01:15:05.827] [exthost] [warning] [Decorations] CAPPING events from decorations provider vscode.git 321
[2022-05-11 01:15:10.890] [exthost] [warning] [Decorations] CAPPING events from decorations provider vscode.git 321
[2022-05-11 01:15:14.287] [exthost] [info] extension host terminating: renderer closed the socket
[2022-05-11 01:15:14.304] [exthost] [info] Extension host with pid 34819 exiting with code 0
