[2022-05-11T01:06:26.122Z] Validating found git in: git
[2022-05-11T01:06:26.148Z] Using git 2.30.2 from git
[2022-05-11T01:06:26.178Z] > git rev-parse --git-dir [7ms]
[2022-05-11T01:06:26.183Z] Open repository: /home/mww/ReachNFTeaAuction
[2022-05-11T01:06:26.201Z] > git symbolic-ref --short HEAD [1ms]
[2022-05-11T01:06:26.206Z] > git for-each-ref --format=%(refname)%00%(upstream:short)%00%(objectname)%00%(upstream:track) refs/heads/master refs/remotes/master [1ms]
[2022-05-11T01:06:26.215Z] > git remote --verbose [1ms]
[2022-05-11T01:06:26.215Z] > git for-each-ref --sort -committerdate --format %(refname) %(objectname) %(*objectname) [5ms]
[2022-05-11T01:06:26.245Z] > git config --get commit.template [5ms]
[2022-05-11T01:06:26.268Z] > git config --local branch.master.github-pr-owner-number [5ms]
[2022-05-11T01:06:26.277Z] > git config --local branch.master.github-pr-owner-number [1ms]
[2022-05-11T01:06:28.810Z] > git symbolic-ref --short HEAD [1ms]
[2022-05-11T01:06:28.818Z] > git for-each-ref --format=%(refname)%00%(upstream:short)%00%(objectname)%00%(upstream:track) refs/heads/master refs/remotes/master [2ms]
[2022-05-11T01:06:28.829Z] > git for-each-ref --sort -committerdate --format %(refname) %(objectname) %(*objectname) [6ms]
[2022-05-11T01:06:28.829Z] > git remote --verbose [1ms]
[2022-05-11T01:06:28.854Z] > git config --get commit.template [1ms]
[2022-05-11T01:06:33.873Z] > git symbolic-ref --short HEAD [1ms]
[2022-05-11T01:06:33.881Z] > git for-each-ref --format=%(refname)%00%(upstream:short)%00%(objectname)%00%(upstream:track) refs/heads/master refs/remotes/master [2ms]
[2022-05-11T01:06:33.892Z] > git for-each-ref --sort -committerdate --format %(refname) %(objectname) %(*objectname) [5ms]
[2022-05-11T01:06:33.893Z] > git remote --verbose [2ms]
[2022-05-11T01:06:33.910Z] > git config --get commit.template [1ms]
[2022-05-11T01:06:38.928Z] > git symbolic-ref --short HEAD [1ms]
[2022-05-11T01:06:38.935Z] > git for-each-ref --format=%(refname)%00%(upstream:short)%00%(objectname)%00%(upstream:track) refs/heads/master refs/remotes/master [1ms]
[2022-05-11T01:06:38.946Z] > git for-each-ref --sort -committerdate --format %(refname) %(objectname) %(*objectname) [6ms]
[2022-05-11T01:06:38.947Z] > git remote --verbose [1ms]
[2022-05-11T01:06:38.957Z] > git config --get commit.template [1ms]
[2022-05-11T01:06:43.981Z] > git symbolic-ref --short HEAD [2ms]
[2022-05-11T01:06:43.988Z] > git for-each-ref --format=%(refname)%00%(upstream:short)%00%(objectname)%00%(upstream:track) refs/heads/master refs/remotes/master [1ms]
[2022-05-11T01:06:44.000Z] > git for-each-ref --sort -committerdate --format %(refname) %(objectname) %(*objectname) [6ms]
[2022-05-11T01:06:44.001Z] > git remote --verbose [2ms]
[2022-05-11T01:06:44.019Z] > git config --get commit.template [1ms]
[2022-05-11T01:06:49.037Z] > git symbolic-ref --short HEAD [1ms]
[2022-05-11T01:06:49.045Z] > git for-each-ref --format=%(refname)%00%(upstream:short)%00%(objectname)%00%(upstream:track) refs/heads/master refs/remotes/master [2ms]
[2022-05-11T01:06:49.058Z] > git for-each-ref --sort -committerdate --format %(refname) %(objectname) %(*objectname) [6ms]
[2022-05-11T01:06:49.058Z] > git remote --verbose [1ms]
[2022-05-11T01:06:49.073Z] > git config --get commit.template [1ms]
[2022-05-11T01:06:54.094Z] > git symbolic-ref --short HEAD [1ms]
[2022-05-11T01:06:54.105Z] > git for-each-ref --format=%(refname)%00%(upstream:short)%00%(objectname)%00%(upstream:track) refs/heads/master refs/remotes/master [2ms]
[2022-05-11T01:06:54.121Z] > git for-each-ref --sort -committerdate --format %(refname) %(objectname) %(*objectname) [8ms]
[2022-05-11T01:06:54.122Z] > git remote --verbose [2ms]
[2022-05-11T01:06:54.143Z] > git config --get commit.template [7ms]
[2022-05-11T01:07:16.778Z] > git symbolic-ref --short HEAD [2ms]
[2022-05-11T01:07:16.787Z] > git for-each-ref --format=%(refname)%00%(upstream:short)%00%(objectname)%00%(upstream:track) refs/heads/master refs/remotes/master [2ms]
[2022-05-11T01:07:16.798Z] > git for-each-ref --sort -committerdate --format %(refname) %(objectname) %(*objectname) [5ms]
[2022-05-11T01:07:16.798Z] > git remote --verbose [1ms]
[2022-05-11T01:07:16.810Z] > git config --get commit.template [1ms]
[2022-05-11T01:07:21.831Z] > git symbolic-ref --short HEAD [1ms]
[2022-05-11T01:07:21.839Z] > git for-each-ref --format=%(refname)%00%(upstream:short)%00%(objectname)%00%(upstream:track) refs/heads/master refs/remotes/master [2ms]
[2022-05-11T01:07:21.851Z] > git remote --verbose [2ms]
[2022-05-11T01:07:21.852Z] > git for-each-ref --sort -committerdate --format %(refname) %(objectname) %(*objectname) [8ms]
[2022-05-11T01:07:21.879Z] > git config --get commit.template [1ms]
[2022-05-11T01:07:26.895Z] > git symbolic-ref --short HEAD [1ms]
[2022-05-11T01:07:26.901Z] > git for-each-ref --format=%(refname)%00%(upstream:short)%00%(objectname)%00%(upstream:track) refs/heads/master refs/remotes/master [2ms]
[2022-05-11T01:07:26.912Z] > git for-each-ref --sort -committerdate --format %(refname) %(objectname) %(*objectname) [6ms]
[2022-05-11T01:07:26.913Z] > git remote --verbose [2ms]
[2022-05-11T01:07:26.929Z] > git config --get commit.template [4ms]
[2022-05-11T01:07:31.950Z] > git symbolic-ref --short HEAD [2ms]
[2022-05-11T01:07:31.957Z] > git for-each-ref --format=%(refname)%00%(upstream:short)%00%(objectname)%00%(upstream:track) refs/heads/master refs/remotes/master [2ms]
[2022-05-11T01:07:31.969Z] > git for-each-ref --sort -committerdate --format %(refname) %(objectname) %(*objectname) [6ms]
[2022-05-11T01:07:31.969Z] > git remote --verbose [1ms]
[2022-05-11T01:07:31.984Z] > git config --get commit.template [3ms]
[2022-05-11T01:07:44.918Z] > git symbolic-ref --short HEAD [1ms]
[2022-05-11T01:07:44.924Z] > git for-each-ref --format=%(refname)%00%(upstream:short)%00%(objectname)%00%(upstream:track) refs/heads/master refs/remotes/master [1ms]
[2022-05-11T01:07:44.932Z] > git for-each-ref --sort -committerdate --format %(refname) %(objectname) %(*objectname) [4ms]
[2022-05-11T01:07:44.933Z] > git remote --verbose [1ms]
[2022-05-11T01:07:44.942Z] > git config --get commit.template [1ms]
[2022-05-11T01:07:49.957Z] > git symbolic-ref --short HEAD [1ms]
[2022-05-11T01:07:49.964Z] > git for-each-ref --format=%(refname)%00%(upstream:short)%00%(objectname)%00%(upstream:track) refs/heads/master refs/remotes/master [1ms]
[2022-05-11T01:07:49.973Z] > git for-each-ref --sort -committerdate --format %(refname) %(objectname) %(*objectname) [4ms]
[2022-05-11T01:07:49.974Z] > git remote --verbose [1ms]
[2022-05-11T01:07:49.985Z] > git config --get commit.template [1ms]
[2022-05-11T01:07:55.004Z] > git symbolic-ref --short HEAD [1ms]
[2022-05-11T01:07:55.011Z] > git for-each-ref --format=%(refname)%00%(upstream:short)%00%(objectname)%00%(upstream:track) refs/heads/master refs/remotes/master [1ms]
[2022-05-11T01:07:55.022Z] > git for-each-ref --sort -committerdate --format %(refname) %(objectname) %(*objectname) [6ms]
[2022-05-11T01:07:55.023Z] > git remote --verbose [1ms]
[2022-05-11T01:07:55.036Z] > git config --get commit.template [4ms]
[2022-05-11T01:08:00.060Z] > git symbolic-ref --short HEAD [1ms]
[2022-05-11T01:08:00.069Z] > git for-each-ref --format=%(refname)%00%(upstream:short)%00%(objectname)%00%(upstream:track) refs/heads/master refs/remotes/master [2ms]
[2022-05-11T01:08:00.082Z] > git for-each-ref --sort -committerdate --format %(refname) %(objectname) %(*objectname) [7ms]
[2022-05-11T01:08:00.082Z] > git remote --verbose [2ms]
[2022-05-11T01:08:00.096Z] > git config --get commit.template [1ms]
[2022-05-11T01:08:05.115Z] > git symbolic-ref --short HEAD [1ms]
[2022-05-11T01:08:05.125Z] > git for-each-ref --format=%(refname)%00%(upstream:short)%00%(objectname)%00%(upstream:track) refs/heads/master refs/remotes/master [2ms]
[2022-05-11T01:08:05.138Z] > git for-each-ref --sort -committerdate --format %(refname) %(objectname) %(*objectname) [7ms]
[2022-05-11T01:08:05.139Z] > git remote --verbose [2ms]
[2022-05-11T01:08:05.152Z] > git config --get commit.template [1ms]
[2022-05-11T01:08:10.174Z] > git symbolic-ref --short HEAD [3ms]
[2022-05-11T01:08:10.184Z] > git for-each-ref --format=%(refname)%00%(upstream:short)%00%(objectname)%00%(upstream:track) refs/heads/master refs/remotes/master [1ms]
[2022-05-11T01:08:10.196Z] > git for-each-ref --sort -committerdate --format %(refname) %(objectname) %(*objectname) [5ms]
[2022-05-11T01:08:10.197Z] > git remote --verbose [2ms]
[2022-05-11T01:08:10.213Z] > git config --get commit.template [5ms]
[2022-05-11T01:08:15.234Z] > git symbolic-ref --short HEAD [1ms]
[2022-05-11T01:08:15.241Z] > git for-each-ref --format=%(refname)%00%(upstream:short)%00%(objectname)%00%(upstream:track) refs/heads/master refs/remotes/master [1ms]
[2022-05-11T01:08:15.255Z] > git for-each-ref --sort -committerdate --format %(refname) %(objectname) %(*objectname) [9ms]
[2022-05-11T01:08:15.255Z] > git remote --verbose [2ms]
[2022-05-11T01:08:15.277Z] > git config --get commit.template [1ms]
[2022-05-11T01:08:20.295Z] > git symbolic-ref --short HEAD [1ms]
[2022-05-11T01:08:20.300Z] > git for-each-ref --format=%(refname)%00%(upstream:short)%00%(objectname)%00%(upstream:track) refs/heads/master refs/remotes/master [1ms]
[2022-05-11T01:08:20.308Z] > git for-each-ref --sort -committerdate --format %(refname) %(objectname) %(*objectname) [4ms]
[2022-05-11T01:08:20.309Z] > git remote --verbose [1ms]
[2022-05-11T01:08:20.318Z] > git config --get commit.template [1ms]
[2022-05-11T01:08:25.340Z] > git symbolic-ref --short HEAD [3ms]
[2022-05-11T01:08:25.349Z] > git for-each-ref --format=%(refname)%00%(upstream:short)%00%(objectname)%00%(upstream:track) refs/heads/master refs/remotes/master [3ms]
[2022-05-11T01:08:25.366Z] > git remote --verbose [3ms]
[2022-05-11T01:08:25.366Z] > git for-each-ref --sort -committerdate --format %(refname) %(objectname) %(*objectname) [10ms]
[2022-05-11T01:08:25.398Z] > git config --get commit.template [7ms]
[2022-05-11T01:08:30.420Z] > git symbolic-ref --short HEAD [1ms]
[2022-05-11T01:08:30.430Z] > git for-each-ref --format=%(refname)%00%(upstream:short)%00%(objectname)%00%(upstream:track) refs/heads/master refs/remotes/master [2ms]
[2022-05-11T01:08:30.443Z] > git for-each-ref --sort -committerdate --format %(refname) %(objectname) %(*objectname) [6ms]
[2022-05-11T01:08:30.443Z] > git remote --verbose [1ms]
[2022-05-11T01:08:30.460Z] > git config --get commit.template [5ms]
[2022-05-11T01:08:35.480Z] > git symbolic-ref --short HEAD [2ms]
[2022-05-11T01:08:35.487Z] > git for-each-ref --format=%(refname)%00%(upstream:short)%00%(objectname)%00%(upstream:track) refs/heads/master refs/remotes/master [1ms]
[2022-05-11T01:08:35.499Z] > git for-each-ref --sort -committerdate --format %(refname) %(objectname) %(*objectname) [6ms]
[2022-05-11T01:08:35.499Z] > git remote --verbose [1ms]
[2022-05-11T01:08:35.520Z] > git config --get commit.template [9ms]
[2022-05-11T01:08:41.310Z] > git symbolic-ref --short HEAD [2ms]
[2022-05-11T01:08:41.316Z] > git for-each-ref --format=%(refname)%00%(upstream:short)%00%(objectname)%00%(upstream:track) refs/heads/master refs/remotes/master [2ms]
[2022-05-11T01:08:41.327Z] > git for-each-ref --sort -committerdate --format %(refname) %(objectname) %(*objectname) [6ms]
[2022-05-11T01:08:41.327Z] > git remote --verbose [1ms]
[2022-05-11T01:08:41.341Z] > git config --get commit.template [2ms]
[2022-05-11T01:08:46.361Z] > git symbolic-ref --short HEAD [1ms]
[2022-05-11T01:08:46.371Z] > git for-each-ref --format=%(refname)%00%(upstream:short)%00%(objectname)%00%(upstream:track) refs/heads/master refs/remotes/master [2ms]
[2022-05-11T01:08:46.383Z] > git for-each-ref --sort -committerdate --format %(refname) %(objectname) %(*objectname) [7ms]
[2022-05-11T01:08:46.383Z] > git remote --verbose [1ms]
[2022-05-11T01:08:46.398Z] > git config --get commit.template [3ms]
[2022-05-11T01:10:12.208Z] > git symbolic-ref --short HEAD [1ms]
[2022-05-11T01:10:12.216Z] > git for-each-ref --format=%(refname)%00%(upstream:short)%00%(objectname)%00%(upstream:track) refs/heads/master refs/remotes/master [1ms]
[2022-05-11T01:10:12.228Z] > git for-each-ref --sort -committerdate --format %(refname) %(objectname) %(*objectname) [6ms]
[2022-05-11T01:10:12.228Z] > git remote --verbose [1ms]
[2022-05-11T01:10:12.244Z] > git config --get commit.template [2ms]
[2022-05-11T01:10:17.260Z] > git symbolic-ref --short HEAD [1ms]
[2022-05-11T01:10:17.268Z] > git for-each-ref --format=%(refname)%00%(upstream:short)%00%(objectname)%00%(upstream:track) refs/heads/master refs/remotes/master [2ms]
[2022-05-11T01:10:17.280Z] > git for-each-ref --sort -committerdate --format %(refname) %(objectname) %(*objectname) [6ms]
[2022-05-11T01:10:17.281Z] > git remote --verbose [2ms]
[2022-05-11T01:10:17.302Z] > git config --get commit.template [7ms]
[2022-05-11T01:10:22.321Z] > git symbolic-ref --short HEAD [2ms]
[2022-05-11T01:10:22.327Z] > git for-each-ref --format=%(refname)%00%(upstream:short)%00%(objectname)%00%(upstream:track) refs/heads/master refs/remotes/master [1ms]
[2022-05-11T01:10:22.339Z] > git for-each-ref --sort -committerdate --format %(refname) %(objectname) %(*objectname) [6ms]
[2022-05-11T01:10:22.339Z] > git remote --verbose [1ms]
[2022-05-11T01:10:22.355Z] > git config --get commit.template [1ms]
[2022-05-11T01:10:27.372Z] > git symbolic-ref --short HEAD [1ms]
[2022-05-11T01:10:27.379Z] > git for-each-ref --format=%(refname)%00%(upstream:short)%00%(objectname)%00%(upstream:track) refs/heads/master refs/remotes/master [2ms]
[2022-05-11T01:10:27.389Z] > git for-each-ref --sort -committerdate --format %(refname) %(objectname) %(*objectname) [5ms]
[2022-05-11T01:10:27.389Z] > git remote --verbose [1ms]
[2022-05-11T01:10:27.401Z] > git config --get commit.template [1ms]
[2022-05-11T01:10:32.417Z] > git symbolic-ref --short HEAD [2ms]
[2022-05-11T01:10:32.424Z] > git for-each-ref --format=%(refname)%00%(upstream:short)%00%(objectname)%00%(upstream:track) refs/heads/master refs/remotes/master [2ms]
[2022-05-11T01:10:32.435Z] > git for-each-ref --sort -committerdate --format %(refname) %(objectname) %(*objectname) [7ms]
[2022-05-11T01:10:32.435Z] > git remote --verbose [2ms]
[2022-05-11T01:10:32.448Z] > git config --get commit.template [1ms]
[2022-05-11T01:10:37.470Z] > git symbolic-ref --short HEAD [2ms]
[2022-05-11T01:10:37.478Z] > git for-each-ref --format=%(refname)%00%(upstream:short)%00%(objectname)%00%(upstream:track) refs/heads/master refs/remotes/master [2ms]
[2022-05-11T01:10:37.491Z] > git for-each-ref --sort -committerdate --format %(refname) %(objectname) %(*objectname) [7ms]
[2022-05-11T01:10:37.491Z] > git remote --verbose [1ms]
[2022-05-11T01:10:37.509Z] > git config --get commit.template [7ms]
[2022-05-11T01:10:42.524Z] > git symbolic-ref --short HEAD [1ms]
[2022-05-11T01:10:42.531Z] > git for-each-ref --format=%(refname)%00%(upstream:short)%00%(objectname)%00%(upstream:track) refs/heads/master refs/remotes/master [1ms]
[2022-05-11T01:10:42.542Z] > git for-each-ref --sort -committerdate --format %(refname) %(objectname) %(*objectname) [5ms]
[2022-05-11T01:10:42.542Z] > git remote --verbose [1ms]
[2022-05-11T01:10:42.553Z] > git config --get commit.template [2ms]
[2022-05-11T01:10:47.575Z] > git symbolic-ref --short HEAD [2ms]
[2022-05-11T01:10:47.584Z] > git for-each-ref --format=%(refname)%00%(upstream:short)%00%(objectname)%00%(upstream:track) refs/heads/master refs/remotes/master [2ms]
[2022-05-11T01:10:47.597Z] > git for-each-ref --sort -committerdate --format %(refname) %(objectname) %(*objectname) [5ms]
[2022-05-11T01:10:47.598Z] > git remote --verbose [2ms]
[2022-05-11T01:10:47.613Z] > git config --get commit.template [3ms]
[2022-05-11T01:10:52.633Z] > git symbolic-ref --short HEAD [2ms]
[2022-05-11T01:10:52.641Z] > git for-each-ref --format=%(refname)%00%(upstream:short)%00%(objectname)%00%(upstream:track) refs/heads/master refs/remotes/master [2ms]
[2022-05-11T01:10:52.652Z] > git for-each-ref --sort -committerdate --format %(refname) %(objectname) %(*objectname) [5ms]
[2022-05-11T01:10:52.652Z] > git remote --verbose [1ms]
[2022-05-11T01:10:52.667Z] > git config --get commit.template [2ms]
[2022-05-11T01:10:57.687Z] > git symbolic-ref --short HEAD [1ms]
[2022-05-11T01:10:57.694Z] > git for-each-ref --format=%(refname)%00%(upstream:short)%00%(objectname)%00%(upstream:track) refs/heads/master refs/remotes/master [2ms]
[2022-05-11T01:10:57.705Z] > git for-each-ref --sort -committerdate --format %(refname) %(objectname) %(*objectname) [6ms]
[2022-05-11T01:10:57.706Z] > git remote --verbose [2ms]
[2022-05-11T01:10:57.721Z] > git config --get commit.template [3ms]
[2022-05-11T01:11:02.742Z] > git symbolic-ref --short HEAD [1ms]
[2022-05-11T01:11:02.754Z] > git for-each-ref --format=%(refname)%00%(upstream:short)%00%(objectname)%00%(upstream:track) refs/heads/master refs/remotes/master [1ms]
[2022-05-11T01:11:02.766Z] > git for-each-ref --sort -committerdate --format %(refname) %(objectname) %(*objectname) [7ms]
[2022-05-11T01:11:02.767Z] > git remote --verbose [2ms]
[2022-05-11T01:11:02.785Z] > git config --get commit.template [3ms]
[2022-05-11T01:11:07.808Z] > git symbolic-ref --short HEAD [1ms]
[2022-05-11T01:11:07.816Z] > git for-each-ref --format=%(refname)%00%(upstream:short)%00%(objectname)%00%(upstream:track) refs/heads/master refs/remotes/master [2ms]
[2022-05-11T01:11:07.828Z] > git for-each-ref --sort -committerdate --format %(refname) %(objectname) %(*objectname) [7ms]
[2022-05-11T01:11:07.829Z] > git remote --verbose [2ms]
[2022-05-11T01:11:07.852Z] > git config --get commit.template [2ms]
[2022-05-11T01:11:12.874Z] > git symbolic-ref --short HEAD [1ms]
[2022-05-11T01:11:12.883Z] > git for-each-ref --format=%(refname)%00%(upstream:short)%00%(objectname)%00%(upstream:track) refs/heads/master refs/remotes/master [2ms]
[2022-05-11T01:11:12.897Z] > git for-each-ref --sort -committerdate --format %(refname) %(objectname) %(*objectname) [7ms]
[2022-05-11T01:11:12.898Z] > git remote --verbose [2ms]
[2022-05-11T01:11:12.913Z] > git config --get commit.template [1ms]
[2022-05-11T01:11:50.265Z] > git symbolic-ref --short HEAD [2ms]
[2022-05-11T01:11:50.272Z] > git for-each-ref --format=%(refname)%00%(upstream:short)%00%(objectname)%00%(upstream:track) refs/heads/master refs/remotes/master [1ms]
[2022-05-11T01:11:50.284Z] > git for-each-ref --sort -committerdate --format %(refname) %(objectname) %(*objectname) [5ms]
[2022-05-11T01:11:50.284Z] > git remote --verbose [1ms]
[2022-05-11T01:11:50.300Z] > git config --get commit.template [3ms]
[2022-05-11T01:11:55.322Z] > git symbolic-ref --short HEAD [1ms]
[2022-05-11T01:11:55.329Z] > git for-each-ref --format=%(refname)%00%(upstream:short)%00%(objectname)%00%(upstream:track) refs/heads/master refs/remotes/master [1ms]
[2022-05-11T01:11:55.341Z] > git for-each-ref --sort -committerdate --format %(refname) %(objectname) %(*objectname) [6ms]
[2022-05-11T01:11:55.341Z] > git remote --verbose [1ms]
[2022-05-11T01:11:55.358Z] > git config --get commit.template [2ms]
[2022-05-11T01:12:01.401Z] > git symbolic-ref --short HEAD [1ms]
[2022-05-11T01:12:01.408Z] > git for-each-ref --format=%(refname)%00%(upstream:short)%00%(objectname)%00%(upstream:track) refs/heads/master refs/remotes/master [1ms]
[2022-05-11T01:12:01.423Z] > git for-each-ref --sort -committerdate --format %(refname) %(objectname) %(*objectname) [8ms]
[2022-05-11T01:12:01.423Z] > git remote --verbose [2ms]
[2022-05-11T01:12:01.434Z] > git config --get commit.template [1ms]
[2022-05-11T01:12:07.622Z] > git symbolic-ref --short HEAD [1ms]
[2022-05-11T01:12:07.628Z] > git for-each-ref --format=%(refname)%00%(upstream:short)%00%(objectname)%00%(upstream:track) refs/heads/master refs/remotes/master [1ms]
[2022-05-11T01:12:07.638Z] > git for-each-ref --sort -committerdate --format %(refname) %(objectname) %(*objectname) [5ms]
[2022-05-11T01:12:07.639Z] > git remote --verbose [1ms]
[2022-05-11T01:12:07.652Z] > git config --get commit.template [3ms]
[2022-05-11T01:14:00.068Z] > git symbolic-ref --short HEAD [1ms]
[2022-05-11T01:14:00.074Z] > git for-each-ref --format=%(refname)%00%(upstream:short)%00%(objectname)%00%(upstream:track) refs/heads/master refs/remotes/master [1ms]
[2022-05-11T01:14:00.084Z] > git for-each-ref --sort -committerdate --format %(refname) %(objectname) %(*objectname) [6ms]
[2022-05-11T01:14:00.084Z] > git remote --verbose [1ms]
[2022-05-11T01:14:00.094Z] > git config --get commit.template [0ms]
[2022-05-11T01:14:05.112Z] > git symbolic-ref --short HEAD [1ms]
[2022-05-11T01:14:05.118Z] > git for-each-ref --format=%(refname)%00%(upstream:short)%00%(objectname)%00%(upstream:track) refs/heads/master refs/remotes/master [1ms]
[2022-05-11T01:14:05.129Z] > git for-each-ref --sort -committerdate --format %(refname) %(objectname) %(*objectname) [5ms]
[2022-05-11T01:14:05.130Z] > git remote --verbose [1ms]
[2022-05-11T01:14:05.148Z] > git config --get commit.template [5ms]
[2022-05-11T01:14:10.170Z] > git symbolic-ref --short HEAD [1ms]
[2022-05-11T01:14:10.177Z] > git for-each-ref --format=%(refname)%00%(upstream:short)%00%(objectname)%00%(upstream:track) refs/heads/master refs/remotes/master [1ms]
[2022-05-11T01:14:10.187Z] > git for-each-ref --sort -committerdate --format %(refname) %(objectname) %(*objectname) [6ms]
[2022-05-11T01:14:10.187Z] > git remote --verbose [1ms]
[2022-05-11T01:14:10.202Z] > git config --get commit.template [1ms]
[2022-05-11T01:14:15.221Z] > git symbolic-ref --short HEAD [1ms]
[2022-05-11T01:14:15.228Z] > git for-each-ref --format=%(refname)%00%(upstream:short)%00%(objectname)%00%(upstream:track) refs/heads/master refs/remotes/master [1ms]
[2022-05-11T01:14:15.241Z] > git for-each-ref --sort -committerdate --format %(refname) %(objectname) %(*objectname) [8ms]
[2022-05-11T01:14:15.241Z] > git remote --verbose [1ms]
[2022-05-11T01:14:15.256Z] > git config --get commit.template [1ms]
[2022-05-11T01:14:20.276Z] > git symbolic-ref --short HEAD [1ms]
[2022-05-11T01:14:20.284Z] > git for-each-ref --format=%(refname)%00%(upstream:short)%00%(objectname)%00%(upstream:track) refs/heads/master refs/remotes/master [1ms]
[2022-05-11T01:14:20.296Z] > git for-each-ref --sort -committerdate --format %(refname) %(objectname) %(*objectname) [6ms]
[2022-05-11T01:14:20.296Z] > git remote --verbose [1ms]
[2022-05-11T01:14:20.314Z] > git config --get commit.template [2ms]
[2022-05-11T01:14:25.335Z] > git symbolic-ref --short HEAD [2ms]
[2022-05-11T01:14:25.342Z] > git for-each-ref --format=%(refname)%00%(upstream:short)%00%(objectname)%00%(upstream:track) refs/heads/master refs/remotes/master [1ms]
[2022-05-11T01:14:25.354Z] > git for-each-ref --sort -committerdate --format %(refname) %(objectname) %(*objectname) [6ms]
[2022-05-11T01:14:25.354Z] > git remote --verbose [1ms]
[2022-05-11T01:14:25.368Z] > git config --get commit.template [1ms]
[2022-05-11T01:14:30.390Z] > git symbolic-ref --short HEAD [2ms]
[2022-05-11T01:14:30.400Z] > git for-each-ref --format=%(refname)%00%(upstream:short)%00%(objectname)%00%(upstream:track) refs/heads/master refs/remotes/master [2ms]
[2022-05-11T01:14:30.413Z] > git for-each-ref --sort -committerdate --format %(refname) %(objectname) %(*objectname) [6ms]
[2022-05-11T01:14:30.413Z] > git remote --verbose [1ms]
[2022-05-11T01:14:30.426Z] > git config --get commit.template [2ms]
[2022-05-11T01:14:35.449Z] > git symbolic-ref --short HEAD [2ms]
[2022-05-11T01:14:35.457Z] > git for-each-ref --format=%(refname)%00%(upstream:short)%00%(objectname)%00%(upstream:track) refs/heads/master refs/remotes/master [2ms]
[2022-05-11T01:14:35.470Z] > git for-each-ref --sort -committerdate --format %(refname) %(objectname) %(*objectname) [7ms]
[2022-05-11T01:14:35.471Z] > git remote --verbose [3ms]
[2022-05-11T01:14:35.486Z] > git config --get commit.template [2ms]
[2022-05-11T01:14:40.509Z] > git symbolic-ref --short HEAD [1ms]
[2022-05-11T01:14:40.519Z] > git for-each-ref --format=%(refname)%00%(upstream:short)%00%(objectname)%00%(upstream:track) refs/heads/master refs/remotes/master [2ms]
[2022-05-11T01:14:40.533Z] > git remote --verbose [2ms]
[2022-05-11T01:14:40.534Z] > git for-each-ref --sort -committerdate --format %(refname) %(objectname) %(*objectname) [9ms]
[2022-05-11T01:14:40.548Z] > git config --get commit.template [1ms]
[2022-05-11T01:14:45.566Z] > git symbolic-ref --short HEAD [0ms]
[2022-05-11T01:14:45.570Z] > git for-each-ref --format=%(refname)%00%(upstream:short)%00%(objectname)%00%(upstream:track) refs/heads/master refs/remotes/master [1ms]
[2022-05-11T01:14:45.579Z] > git for-each-ref --sort -committerdate --format %(refname) %(objectname) %(*objectname) [5ms]
[2022-05-11T01:14:45.579Z] > git remote --verbose [1ms]
[2022-05-11T01:14:45.590Z] > git config --get commit.template [2ms]
[2022-05-11T01:14:50.611Z] > git symbolic-ref --short HEAD [1ms]
[2022-05-11T01:14:50.619Z] > git for-each-ref --format=%(refname)%00%(upstream:short)%00%(objectname)%00%(upstream:track) refs/heads/master refs/remotes/master [2ms]
[2022-05-11T01:14:50.632Z] > git for-each-ref --sort -committerdate --format %(refname) %(objectname) %(*objectname) [6ms]
[2022-05-11T01:14:50.633Z] > git remote --verbose [2ms]
[2022-05-11T01:14:50.652Z] > git config --get commit.template [4ms]
[2022-05-11T01:14:55.675Z] > git symbolic-ref --short HEAD [2ms]
[2022-05-11T01:14:55.686Z] > git for-each-ref --format=%(refname)%00%(upstream:short)%00%(objectname)%00%(upstream:track) refs/heads/master refs/remotes/master [2ms]
[2022-05-11T01:14:55.702Z] > git remote --verbose [2ms]
[2022-05-11T01:14:55.702Z] > git for-each-ref --sort -committerdate --format %(refname) %(objectname) %(*objectname) [7ms]
[2022-05-11T01:14:55.718Z] > git config --get commit.template [1ms]
[2022-05-11T01:15:00.740Z] > git symbolic-ref --short HEAD [1ms]
[2022-05-11T01:15:00.748Z] > git for-each-ref --format=%(refname)%00%(upstream:short)%00%(objectname)%00%(upstream:track) refs/heads/master refs/remotes/master [1ms]
[2022-05-11T01:15:00.762Z] > git for-each-ref --sort -committerdate --format %(refname) %(objectname) %(*objectname) [6ms]
[2022-05-11T01:15:00.763Z] > git remote --verbose [2ms]
[2022-05-11T01:15:00.778Z] > git config --get commit.template [1ms]
[2022-05-11T01:15:05.798Z] > git symbolic-ref --short HEAD [1ms]
[2022-05-11T01:15:05.807Z] > git for-each-ref --format=%(refname)%00%(upstream:short)%00%(objectname)%00%(upstream:track) refs/heads/master refs/remotes/master [2ms]
[2022-05-11T01:15:05.821Z] > git for-each-ref --sort -committerdate --format %(refname) %(objectname) %(*objectname) [7ms]
[2022-05-11T01:15:05.821Z] > git remote --verbose [2ms]
[2022-05-11T01:15:05.837Z] > git config --get commit.template [1ms]
[2022-05-11T01:15:10.858Z] > git symbolic-ref --short HEAD [1ms]
[2022-05-11T01:15:10.867Z] > git for-each-ref --format=%(refname)%00%(upstream:short)%00%(objectname)%00%(upstream:track) refs/heads/master refs/remotes/master [1ms]
[2022-05-11T01:15:10.883Z] > git for-each-ref --sort -committerdate --format %(refname) %(objectname) %(*objectname) [9ms]
[2022-05-11T01:15:10.884Z] > git remote --verbose [2ms]
[2022-05-11T01:15:10.900Z] > git config --get commit.template [1ms]
